<?xml version="1.0" encoding="UTF-8"?><testrun name="TestRunner" project="BDD" tests="2" started="2" failures="0" errors="1" ignored="0">
  <testsuite name="cucumber.Options.TestRunner" time="6.542">
    <testsuite name="Validating place APIs" time="6.542">
      <testcase name="Verify if place is successfully added using AddplaceAPI" classname="Validating place APIs" time="5.576"/>
      <testcase name="Verify the deletePlaceAPI is sucessfully working" classname="Validating place APIs" time="0.966">
        <error>io.restassured.path.json.exception.JsonPathException: Failed to parse the JSON document&#13;
	at io.restassured.path.json.JsonPath$ExceptionCatcher.invoke(JsonPath.java:1002)&#13;
	at io.restassured.path.json.JsonPath$4.doParseWith(JsonPath.java:967)&#13;
	at io.restassured.path.json.JsonPath$JsonParser.parseWith(JsonPath.java:1047)&#13;
	at io.restassured.path.json.JsonPath.get(JsonPath.java:202)&#13;
	at resources.utils.getJsonPath(utils.java:62)&#13;
	at stepdefiniations.stepDef.response_body_is(stepDef.java:61)&#13;
	at âœ½."status" in response body is "OK"(file:///C:/Users/ei08022/eclipse-workspace/BDD/src/test/java/features/placeValidations.feature:21)&#13;
Caused by: java.lang.IllegalArgumentException: The JSON input text should neither be null nor empty.&#13;
	at sun.reflect.NativeConstructorAccessorImpl.newInstance0(Native Method)&#13;
	at sun.reflect.NativeConstructorAccessorImpl.newInstance(Unknown Source)&#13;
	at sun.reflect.DelegatingConstructorAccessorImpl.newInstance(Unknown Source)&#13;
	at java.lang.reflect.Constructor.newInstance(Unknown Source)&#13;
	at org.codehaus.groovy.reflection.CachedConstructor.invoke(CachedConstructor.java:80)&#13;
	at org.codehaus.groovy.runtime.callsite.ConstructorSite$ConstructorSiteNoUnwrapNoCoerce.callConstructor(ConstructorSite.java:105)&#13;
	at org.codehaus.groovy.runtime.callsite.CallSiteArray.defaultCallConstructor(CallSiteArray.java:59)&#13;
	at org.codehaus.groovy.runtime.callsite.AbstractCallSite.callConstructor(AbstractCallSite.java:237)&#13;
	at org.codehaus.groovy.runtime.callsite.AbstractCallSite.callConstructor(AbstractCallSite.java:249)&#13;
	at io.restassured.internal.path.json.ConfigurableJsonSlurper.parseText(ConfigurableJsonSlurper.groovy:80)&#13;
	at io.restassured.path.json.JsonPath$4$1.method(JsonPath.java:965)&#13;
	at io.restassured.path.json.JsonPath$ExceptionCatcher.invoke(JsonPath.java:1000)&#13;
	at io.restassured.path.json.JsonPath$4.doParseWith(JsonPath.java:967)&#13;
	at io.restassured.path.json.JsonPath$JsonParser.parseWith(JsonPath.java:1047)&#13;
	at io.restassured.path.json.JsonPath.get(JsonPath.java:202)&#13;
	at resources.utils.getJsonPath(utils.java:62)&#13;
	at stepdefiniations.stepDef.response_body_is(stepDef.java:61)&#13;
	at sun.reflect.NativeMethodAccessorImpl.invoke0(Native Method)&#13;
	at sun.reflect.NativeMethodAccessorImpl.invoke(Unknown Source)&#13;
	at sun.reflect.DelegatingMethodAccessorImpl.invoke(Unknown Source)&#13;
	at java.lang.reflect.Method.invoke(Unknown Source)&#13;
	at io.cucumber.java.Invoker.invoke(Invoker.java:27)&#13;
	at io.cucumber.java.JavaStepDefinition.execute(JavaStepDefinition.java:27)&#13;
	at io.cucumber.core.runner.PickleStepDefinitionMatch.runStep(PickleStepDefinitionMatch.java:63)&#13;
	at io.cucumber.core.runner.TestStep.executeStep(TestStep.java:64)&#13;
	at io.cucumber.core.runner.TestStep.run(TestStep.java:49)&#13;
	at io.cucumber.core.runner.PickleStepTestStep.run(PickleStepTestStep.java:46)&#13;
	at io.cucumber.core.runner.TestCase.run(TestCase.java:51)&#13;
	at io.cucumber.core.runner.Runner.runPickle(Runner.java:66)&#13;
	at io.cucumber.junit.PickleRunners$NoStepDescriptions.run(PickleRunners.java:149)&#13;
	at io.cucumber.junit.FeatureRunner.runChild(FeatureRunner.java:83)&#13;
	at io.cucumber.junit.FeatureRunner.runChild(FeatureRunner.java:24)&#13;
	at org.junit.runners.ParentRunner$4.run(ParentRunner.java:331)&#13;
	at org.junit.runners.ParentRunner$1.schedule(ParentRunner.java:79)&#13;
	at org.junit.runners.ParentRunner.runChildren(ParentRunner.java:329)&#13;
	at org.junit.runners.ParentRunner.access$100(ParentRunner.java:66)&#13;
	at org.junit.runners.ParentRunner$2.evaluate(ParentRunner.java:293)&#13;
	at org.junit.runners.ParentRunner$3.evaluate(ParentRunner.java:306)&#13;
	at org.junit.runners.ParentRunner.run(ParentRunner.java:413)&#13;
	at io.cucumber.junit.Cucumber.runChild(Cucumber.java:185)&#13;
	at io.cucumber.junit.Cucumber.runChild(Cucumber.java:83)&#13;
	at org.junit.runners.ParentRunner$4.run(ParentRunner.java:331)&#13;
	at org.junit.runners.ParentRunner$1.schedule(ParentRunner.java:79)&#13;
	at org.junit.runners.ParentRunner.runChildren(ParentRunner.java:329)&#13;
	at org.junit.runners.ParentRunner.access$100(ParentRunner.java:66)&#13;
	at org.junit.runners.ParentRunner$2.evaluate(ParentRunner.java:293)&#13;
	at io.cucumber.junit.Cucumber$RunCucumber.evaluate(Cucumber.java:219)&#13;
	at org.junit.runners.ParentRunner$3.evaluate(ParentRunner.java:306)&#13;
	at org.junit.runners.ParentRunner.run(ParentRunner.java:413)&#13;
	at org.eclipse.jdt.internal.junit4.runner.JUnit4TestReference.run(JUnit4TestReference.java:89)&#13;
	at org.eclipse.jdt.internal.junit.runner.TestExecution.run(TestExecution.java:41)&#13;
	at org.eclipse.jdt.internal.junit.runner.RemoteTestRunner.runTests(RemoteTestRunner.java:541)&#13;
	at org.eclipse.jdt.internal.junit.runner.RemoteTestRunner.runTests(RemoteTestRunner.java:763)&#13;
	at org.eclipse.jdt.internal.junit.runner.RemoteTestRunner.run(RemoteTestRunner.java:463)&#13;
	at org.eclipse.jdt.internal.junit.runner.RemoteTestRunner.main(RemoteTestRunner.java:209)&#13;
&#13;
</error>
      </testcase>
    </testsuite>
  </testsuite>
</testrun>
